
 -- Load environment for machine jollyjumper for preprocessing...
Environment already loaded
CRM_W

--------------------------------------------------------------------------------------
     Computing convective-scale values of CRM_W and with fraction 50% 
     for FSPCAMm_AMIP and piControl
--------------------------------------------------------------------------------------

[1m Extract values for 1850-05-01-03600 --- 1850-05-02-00000(B[m

outputdir : /Users/bfildier/Data/preprocessed/bf_FSPCAMm_AMIP_piControl/day
outputfile: CRM-W-O50_day_CESM111-SPCAM20_piControl_r1i1p1_18500501-18500502.nc
inddir    : /Users/bfildier/Data/preprocessed/bf_FSPCAMm_AMIP_piControl/1hr
indfile   : I50_1hr_CESM111-SPCAM20_piControl_r1i1p1_185005010100-185005020000.nc
... Opening 1850-05-01-03600 data ...
... Opening 1850-05-01-07200 data ...
... Opening 1850-05-01-10800 data ...
... Opening 1850-05-01-14400 data ...
... Opening 1850-05-01-18000 data ...
... Opening 1850-05-01-21600 data ...
... Opening 1850-05-01-25200 data ...
... Opening 1850-05-01-28800 data ...
... Opening 1850-05-01-32400 data ...
... Opening 1850-05-01-36000 data ...
... Opening 1850-05-01-39600 data ...
... Opening 1850-05-01-43200 data ...
... Opening 1850-05-01-46800 data ...
... Opening 1850-05-01-50400 data ...
... Opening 1850-05-01-54000 data ...
... Opening 1850-05-01-57600 data ...
... Opening 1850-05-01-61200 data ...
... Opening 1850-05-01-64800 data ...
... Opening 1850-05-01-68400 data ...
... Opening 1850-05-01-72000 data ...
... Opening 1850-05-01-75600 data ...
... Opening 1850-05-01-79200 data ...
... Opening 1850-05-01-82800 data ...
... Opening 1850-05-02-00000 data ...

------ It took 0:00:18.555127 to process 24 files.
OMEGA_CRM_W

--------------------------------------------------------------------------------------
     Computing convective-scale values of OMEGA_CRM_W and with fraction 50% 
     for FSPCAMm_AMIP and piControl
--------------------------------------------------------------------------------------

[1m Extract values for 1850-05-01-03600 --- 1850-05-02-00000(B[m

0:00:00.096258
