
 -- Load environment for machine jollyjumper for plotting...
Environment already loaded

----------------------------------------------------------------------
     Getting convective indices for the most intense 90% rain
     for FSPCAMm_AMIP and abrupt4xCO2                                     
----------------------------------------------------------------------

[1m Extract values for 1850-05-01-03600 --- 1850-05-02-00000(B[m

... Extracting 1850-05-01-03600 data ...
... Extracting 1850-05-01-07200 data ...
... Extracting 1850-05-01-10800 data ...
... Extracting 1850-05-01-14400 data ...
... Extracting 1850-05-01-18000 data ...
... Extracting 1850-05-01-21600 data ...
... Extracting 1850-05-01-25200 data ...
... Extracting 1850-05-01-28800 data ...
... Extracting 1850-05-01-32400 data ...
... Extracting 1850-05-01-36000 data ...
... Extracting 1850-05-01-39600 data ...
... Extracting 1850-05-01-43200 data ...
... Extracting 1850-05-01-46800 data ...
... Extracting 1850-05-01-50400 data ...
... Extracting 1850-05-01-54000 data ...
... Extracting 1850-05-01-57600 data ...
... Extracting 1850-05-01-61200 data ...
... Extracting 1850-05-01-64800 data ...
... Extracting 1850-05-01-68400 data ...
... Extracting 1850-05-01-72000 data ...
... Extracting 1850-05-01-75600 data ...
... Extracting 1850-05-01-79200 data ...
... Extracting 1850-05-01-82800 data ...
... Extracting 1850-05-02-00000 data ...

------ It took 0:00:01.227299 to process 24 files.

----------------------------------------------------------------------
     Getting convective indices for the most intense 75% rain
     for FSPCAMm_AMIP and abrupt4xCO2                                     
----------------------------------------------------------------------

[1m Extract values for 1850-05-01-03600 --- 1850-05-02-00000(B[m

... Extracting 1850-05-01-03600 data ...
... Extracting 1850-05-01-07200 data ...
... Extracting 1850-05-01-10800 data ...
... Extracting 1850-05-01-14400 data ...
... Extracting 1850-05-01-18000 data ...
... Extracting 1850-05-01-21600 data ...
... Extracting 1850-05-01-25200 data ...
... Extracting 1850-05-01-28800 data ...
... Extracting 1850-05-01-32400 data ...
... Extracting 1850-05-01-36000 data ...
... Extracting 1850-05-01-39600 data ...
... Extracting 1850-05-01-43200 data ...
... Extracting 1850-05-01-46800 data ...
... Extracting 1850-05-01-50400 data ...
... Extracting 1850-05-01-54000 data ...
... Extracting 1850-05-01-57600 data ...
... Extracting 1850-05-01-61200 data ...
... Extracting 1850-05-01-64800 data ...
... Extracting 1850-05-01-68400 data ...
... Extracting 1850-05-01-72000 data ...
... Extracting 1850-05-01-75600 data ...
... Extracting 1850-05-01-79200 data ...
... Extracting 1850-05-01-82800 data ...
... Extracting 1850-05-02-00000 data ...

------ It took 0:00:00.412903 to process 24 files.

----------------------------------------------------------------------
     Getting convective indices for the most intense 50% rain
     for FSPCAMm_AMIP and abrupt4xCO2                                     
----------------------------------------------------------------------

[1m Extract values for 1850-05-01-03600 --- 1850-05-02-00000(B[m

... Extracting 1850-05-01-03600 data ...
... Extracting 1850-05-01-07200 data ...
... Extracting 1850-05-01-10800 data ...
... Extracting 1850-05-01-14400 data ...
... Extracting 1850-05-01-18000 data ...
... Extracting 1850-05-01-21600 data ...
... Extracting 1850-05-01-25200 data ...
... Extracting 1850-05-01-28800 data ...
... Extracting 1850-05-01-32400 data ...
... Extracting 1850-05-01-36000 data ...
... Extracting 1850-05-01-39600 data ...
... Extracting 1850-05-01-43200 data ...
... Extracting 1850-05-01-46800 data ...
... Extracting 1850-05-01-50400 data ...
... Extracting 1850-05-01-54000 data ...
... Extracting 1850-05-01-57600 data ...
... Extracting 1850-05-01-61200 data ...
... Extracting 1850-05-01-64800 data ...
... Extracting 1850-05-01-68400 data ...
... Extracting 1850-05-01-72000 data ...
... Extracting 1850-05-01-75600 data ...
... Extracting 1850-05-01-79200 data ...
... Extracting 1850-05-01-82800 data ...
... Extracting 1850-05-02-00000 data ...

------ It took 0:00:00.453913 to process 24 files.

----------------------------------------------------------------------
     Getting convective indices for the most intense 25% rain
     for FSPCAMm_AMIP and abrupt4xCO2                                     
----------------------------------------------------------------------

[1m Extract values for 1850-05-01-03600 --- 1850-05-02-00000(B[m

... Extracting 1850-05-01-03600 data ...
... Extracting 1850-05-01-07200 data ...
... Extracting 1850-05-01-10800 data ...
... Extracting 1850-05-01-14400 data ...
... Extracting 1850-05-01-18000 data ...
... Extracting 1850-05-01-21600 data ...
... Extracting 1850-05-01-25200 data ...
... Extracting 1850-05-01-28800 data ...
... Extracting 1850-05-01-32400 data ...
... Extracting 1850-05-01-36000 data ...
... Extracting 1850-05-01-39600 data ...
... Extracting 1850-05-01-43200 data ...
... Extracting 1850-05-01-46800 data ...
... Extracting 1850-05-01-50400 data ...
... Extracting 1850-05-01-54000 data ...
... Extracting 1850-05-01-57600 data ...
... Extracting 1850-05-01-61200 data ...
... Extracting 1850-05-01-64800 data ...
... Extracting 1850-05-01-68400 data ...
... Extracting 1850-05-01-72000 data ...
... Extracting 1850-05-01-75600 data ...
... Extracting 1850-05-01-79200 data ...
... Extracting 1850-05-01-82800 data ...
... Extracting 1850-05-02-00000 data ...

------ It took 0:00:00.461325 to process 24 files.

----------------------------------------------------------------------
     Getting convective indices for the most intense 10% rain
     for FSPCAMm_AMIP and abrupt4xCO2                                     
----------------------------------------------------------------------

[1m Extract values for 1850-05-01-03600 --- 1850-05-02-00000(B[m

... Extracting 1850-05-01-03600 data ...
... Extracting 1850-05-01-07200 data ...
... Extracting 1850-05-01-10800 data ...
... Extracting 1850-05-01-14400 data ...
... Extracting 1850-05-01-18000 data ...
... Extracting 1850-05-01-21600 data ...
... Extracting 1850-05-01-25200 data ...
... Extracting 1850-05-01-28800 data ...
... Extracting 1850-05-01-32400 data ...
... Extracting 1850-05-01-36000 data ...
... Extracting 1850-05-01-39600 data ...
... Extracting 1850-05-01-43200 data ...
... Extracting 1850-05-01-46800 data ...
... Extracting 1850-05-01-50400 data ...
... Extracting 1850-05-01-54000 data ...
... Extracting 1850-05-01-57600 data ...
... Extracting 1850-05-01-61200 data ...
... Extracting 1850-05-01-64800 data ...
... Extracting 1850-05-01-68400 data ...
... Extracting 1850-05-01-72000 data ...
... Extracting 1850-05-01-75600 data ...
... Extracting 1850-05-01-79200 data ...
... Extracting 1850-05-01-82800 data ...
... Extracting 1850-05-02-00000 data ...

------ It took 0:00:00.441084 to process 24 files.
