
 -- Load environment for machine jollyjumper for preprocessing...
Environment already loaded

----------------------------------------------------------------------------------
     Computing convective-scale mean updrafts and downdrafts for fraction 90% 
     for FSPCAMm_AMIP and piControl
----------------------------------------------------------------------------------

[1m Extract values for 1850-05-01-03600 --- 1850-05-02-00000(B[m


----------------------------------------------------------------------------------
     Computing convective-scale mean updrafts and downdrafts for fraction 75% 
     for FSPCAMm_AMIP and piControl
----------------------------------------------------------------------------------

[1m Extract values for 1850-05-01-03600 --- 1850-05-02-00000(B[m


----------------------------------------------------------------------------------
     Computing convective-scale mean updrafts and downdrafts for fraction 50% 
     for FSPCAMm_AMIP and piControl
----------------------------------------------------------------------------------

[1m Extract values for 1850-05-01-03600 --- 1850-05-02-00000(B[m


----------------------------------------------------------------------------------
     Computing convective-scale mean updrafts and downdrafts for fraction 25% 
     for FSPCAMm_AMIP and piControl
----------------------------------------------------------------------------------

[1m Extract values for 1850-05-01-03600 --- 1850-05-02-00000(B[m


----------------------------------------------------------------------------------
     Computing convective-scale mean updrafts and downdrafts for fraction 10% 
     for FSPCAMm_AMIP and piControl
----------------------------------------------------------------------------------

[1m Extract values for 1850-05-01-03600 --- 1850-05-02-00000(B[m

