
 -- Load environment for machine jollyjumper for plotting...
Environment already loaded

----------------------------------------------------------------------------------
     Computing convective-scale means for CRM_T and with fraction 90% 
     for FSPCAMm_AMIP and abrupt4xCO2
----------------------------------------------------------------------------------

[1m Extract values for 1850-05-01-03600 --- 1850-05-02-00000(B[m

outputdir : /Users/bfildier/Data/preprocessed/bf_FSPCAMm_AMIP_abrupt4xCO2/day
outputfile: CRM-T-I90_day_CESM111-SPCAM20_abrupt4xCO2_r1i1p1_18500501-18500502.nc
inddir    : /Users/bfildier/Data/preprocessed/bf_FSPCAMm_AMIP_abrupt4xCO2/1hr
indfile   : I90_1hr_CESM111-SPCAM20_abrupt4xCO2_r1i1p1_185005010100-185005020000.nc
... Opening 1850-05-01-03600 data ...
... Opening 1850-05-01-07200 data ...
... Opening 1850-05-01-10800 data ...
... Opening 1850-05-01-14400 data ...
... Opening 1850-05-01-18000 data ...
... Opening 1850-05-01-21600 data ...
... Opening 1850-05-01-25200 data ...
... Opening 1850-05-01-28800 data ...
... Opening 1850-05-01-32400 data ...
... Opening 1850-05-01-36000 data ...
... Opening 1850-05-01-39600 data ...
... Opening 1850-05-01-43200 data ...
... Opening 1850-05-01-46800 data ...
... Opening 1850-05-01-50400 data ...
... Opening 1850-05-01-54000 data ...
... Opening 1850-05-01-57600 data ...
... Opening 1850-05-01-61200 data ...
... Opening 1850-05-01-64800 data ...
... Opening 1850-05-01-68400 data ...
... Opening 1850-05-01-72000 data ...
... Opening 1850-05-01-75600 data ...
... Opening 1850-05-01-79200 data ...
... Opening 1850-05-01-82800 data ...
... Opening 1850-05-02-00000 data ...

------ It took 0:00:17.466955 to process 24 files.

----------------------------------------------------------------------------------
     Computing convective-scale means for CRM_T and with fraction 75% 
     for FSPCAMm_AMIP and abrupt4xCO2
----------------------------------------------------------------------------------

[1m Extract values for 1850-05-01-03600 --- 1850-05-02-00000(B[m

outputdir : /Users/bfildier/Data/preprocessed/bf_FSPCAMm_AMIP_abrupt4xCO2/day
outputfile: CRM-T-I75_day_CESM111-SPCAM20_abrupt4xCO2_r1i1p1_18500501-18500502.nc
inddir    : /Users/bfildier/Data/preprocessed/bf_FSPCAMm_AMIP_abrupt4xCO2/1hr
indfile   : I75_1hr_CESM111-SPCAM20_abrupt4xCO2_r1i1p1_185005010100-185005020000.nc
... Opening 1850-05-01-03600 data ...
... Opening 1850-05-01-07200 data ...
... Opening 1850-05-01-10800 data ...
... Opening 1850-05-01-14400 data ...
... Opening 1850-05-01-18000 data ...
... Opening 1850-05-01-21600 data ...
... Opening 1850-05-01-25200 data ...
... Opening 1850-05-01-28800 data ...
... Opening 1850-05-01-32400 data ...
... Opening 1850-05-01-36000 data ...
... Opening 1850-05-01-39600 data ...
... Opening 1850-05-01-43200 data ...
... Opening 1850-05-01-46800 data ...
... Opening 1850-05-01-50400 data ...
... Opening 1850-05-01-54000 data ...
... Opening 1850-05-01-57600 data ...
... Opening 1850-05-01-61200 data ...
... Opening 1850-05-01-64800 data ...
... Opening 1850-05-01-68400 data ...
... Opening 1850-05-01-72000 data ...
... Opening 1850-05-01-75600 data ...
... Opening 1850-05-01-79200 data ...
... Opening 1850-05-01-82800 data ...
... Opening 1850-05-02-00000 data ...

------ It took 0:00:15.406463 to process 24 files.

----------------------------------------------------------------------------------
     Computing convective-scale means for CRM_T and with fraction 50% 
     for FSPCAMm_AMIP and abrupt4xCO2
----------------------------------------------------------------------------------

[1m Extract values for 1850-05-01-03600 --- 1850-05-02-00000(B[m

outputdir : /Users/bfildier/Data/preprocessed/bf_FSPCAMm_AMIP_abrupt4xCO2/day
outputfile: CRM-T-I50_day_CESM111-SPCAM20_abrupt4xCO2_r1i1p1_18500501-18500502.nc
inddir    : /Users/bfildier/Data/preprocessed/bf_FSPCAMm_AMIP_abrupt4xCO2/1hr
indfile   : I50_1hr_CESM111-SPCAM20_abrupt4xCO2_r1i1p1_185005010100-185005020000.nc
... Opening 1850-05-01-03600 data ...
... Opening 1850-05-01-07200 data ...
... Opening 1850-05-01-10800 data ...
... Opening 1850-05-01-14400 data ...
... Opening 1850-05-01-18000 data ...
... Opening 1850-05-01-21600 data ...
... Opening 1850-05-01-25200 data ...
... Opening 1850-05-01-28800 data ...
... Opening 1850-05-01-32400 data ...
... Opening 1850-05-01-36000 data ...
... Opening 1850-05-01-39600 data ...
... Opening 1850-05-01-43200 data ...
... Opening 1850-05-01-46800 data ...
... Opening 1850-05-01-50400 data ...
... Opening 1850-05-01-54000 data ...
... Opening 1850-05-01-57600 data ...
... Opening 1850-05-01-61200 data ...
... Opening 1850-05-01-64800 data ...
... Opening 1850-05-01-68400 data ...
... Opening 1850-05-01-72000 data ...
... Opening 1850-05-01-75600 data ...
... Opening 1850-05-01-79200 data ...
... Opening 1850-05-01-82800 data ...
... Opening 1850-05-02-00000 data ...

------ It took 0:00:15.067187 to process 24 files.

----------------------------------------------------------------------------------
     Computing convective-scale means for CRM_T and with fraction 25% 
     for FSPCAMm_AMIP and abrupt4xCO2
----------------------------------------------------------------------------------

[1m Extract values for 1850-05-01-03600 --- 1850-05-02-00000(B[m

outputdir : /Users/bfildier/Data/preprocessed/bf_FSPCAMm_AMIP_abrupt4xCO2/day
outputfile: CRM-T-I25_day_CESM111-SPCAM20_abrupt4xCO2_r1i1p1_18500501-18500502.nc
inddir    : /Users/bfildier/Data/preprocessed/bf_FSPCAMm_AMIP_abrupt4xCO2/1hr
indfile   : I25_1hr_CESM111-SPCAM20_abrupt4xCO2_r1i1p1_185005010100-185005020000.nc
... Opening 1850-05-01-03600 data ...
... Opening 1850-05-01-07200 data ...
... Opening 1850-05-01-10800 data ...
... Opening 1850-05-01-14400 data ...
... Opening 1850-05-01-18000 data ...
... Opening 1850-05-01-21600 data ...
... Opening 1850-05-01-25200 data ...
... Opening 1850-05-01-28800 data ...
... Opening 1850-05-01-32400 data ...
... Opening 1850-05-01-36000 data ...
... Opening 1850-05-01-39600 data ...
... Opening 1850-05-01-43200 data ...
... Opening 1850-05-01-46800 data ...
... Opening 1850-05-01-50400 data ...
... Opening 1850-05-01-54000 data ...
... Opening 1850-05-01-57600 data ...
... Opening 1850-05-01-61200 data ...
... Opening 1850-05-01-64800 data ...
... Opening 1850-05-01-68400 data ...
... Opening 1850-05-01-72000 data ...
... Opening 1850-05-01-75600 data ...
... Opening 1850-05-01-79200 data ...
... Opening 1850-05-01-82800 data ...
... Opening 1850-05-02-00000 data ...

------ It took 0:00:15.279679 to process 24 files.

----------------------------------------------------------------------------------
     Computing convective-scale means for CRM_T and with fraction 10% 
     for FSPCAMm_AMIP and abrupt4xCO2
----------------------------------------------------------------------------------

[1m Extract values for 1850-05-01-03600 --- 1850-05-02-00000(B[m

outputdir : /Users/bfildier/Data/preprocessed/bf_FSPCAMm_AMIP_abrupt4xCO2/day
outputfile: CRM-T-I10_day_CESM111-SPCAM20_abrupt4xCO2_r1i1p1_18500501-18500502.nc
inddir    : /Users/bfildier/Data/preprocessed/bf_FSPCAMm_AMIP_abrupt4xCO2/1hr
indfile   : I10_1hr_CESM111-SPCAM20_abrupt4xCO2_r1i1p1_185005010100-185005020000.nc
... Opening 1850-05-01-03600 data ...
... Opening 1850-05-01-07200 data ...
... Opening 1850-05-01-10800 data ...
... Opening 1850-05-01-14400 data ...
... Opening 1850-05-01-18000 data ...
... Opening 1850-05-01-21600 data ...
... Opening 1850-05-01-25200 data ...
... Opening 1850-05-01-28800 data ...
... Opening 1850-05-01-32400 data ...
... Opening 1850-05-01-36000 data ...
... Opening 1850-05-01-39600 data ...
... Opening 1850-05-01-43200 data ...
... Opening 1850-05-01-46800 data ...
... Opening 1850-05-01-50400 data ...
... Opening 1850-05-01-54000 data ...
... Opening 1850-05-01-57600 data ...
... Opening 1850-05-01-61200 data ...
... Opening 1850-05-01-64800 data ...
... Opening 1850-05-01-68400 data ...
... Opening 1850-05-01-72000 data ...
... Opening 1850-05-01-75600 data ...
... Opening 1850-05-01-79200 data ...
... Opening 1850-05-01-82800 data ...
... Opening 1850-05-02-00000 data ...

------ It took 0:00:14.966354 to process 24 files.

----------------------------------------------------------------------------------
     Computing convective-scale means for CRM_W and with fraction 90% 
     for FSPCAMm_AMIP and abrupt4xCO2
----------------------------------------------------------------------------------

[1m Extract values for 1850-05-01-03600 --- 1850-05-02-00000(B[m

outputdir : /Users/bfildier/Data/preprocessed/bf_FSPCAMm_AMIP_abrupt4xCO2/day
outputfile: CRM-W-I90_day_CESM111-SPCAM20_abrupt4xCO2_r1i1p1_18500501-18500502.nc
inddir    : /Users/bfildier/Data/preprocessed/bf_FSPCAMm_AMIP_abrupt4xCO2/1hr
indfile   : I90_1hr_CESM111-SPCAM20_abrupt4xCO2_r1i1p1_185005010100-185005020000.nc
... Opening 1850-05-01-03600 data ...
... Opening 1850-05-01-07200 data ...
... Opening 1850-05-01-10800 data ...
... Opening 1850-05-01-14400 data ...
... Opening 1850-05-01-18000 data ...
... Opening 1850-05-01-21600 data ...
... Opening 1850-05-01-25200 data ...
... Opening 1850-05-01-28800 data ...
... Opening 1850-05-01-32400 data ...
... Opening 1850-05-01-36000 data ...
... Opening 1850-05-01-39600 data ...
... Opening 1850-05-01-43200 data ...
... Opening 1850-05-01-46800 data ...
... Opening 1850-05-01-50400 data ...
... Opening 1850-05-01-54000 data ...
... Opening 1850-05-01-57600 data ...
... Opening 1850-05-01-61200 data ...
... Opening 1850-05-01-64800 data ...
... Opening 1850-05-01-68400 data ...
... Opening 1850-05-01-72000 data ...
... Opening 1850-05-01-75600 data ...
... Opening 1850-05-01-79200 data ...
... Opening 1850-05-01-82800 data ...
... Opening 1850-05-02-00000 data ...

------ It took 0:00:17.326837 to process 24 files.

----------------------------------------------------------------------------------
     Computing convective-scale means for CRM_W and with fraction 75% 
     for FSPCAMm_AMIP and abrupt4xCO2
----------------------------------------------------------------------------------

[1m Extract values for 1850-05-01-03600 --- 1850-05-02-00000(B[m

outputdir : /Users/bfildier/Data/preprocessed/bf_FSPCAMm_AMIP_abrupt4xCO2/day
outputfile: CRM-W-I75_day_CESM111-SPCAM20_abrupt4xCO2_r1i1p1_18500501-18500502.nc
inddir    : /Users/bfildier/Data/preprocessed/bf_FSPCAMm_AMIP_abrupt4xCO2/1hr
indfile   : I75_1hr_CESM111-SPCAM20_abrupt4xCO2_r1i1p1_185005010100-185005020000.nc
... Opening 1850-05-01-03600 data ...
... Opening 1850-05-01-07200 data ...
... Opening 1850-05-01-10800 data ...
... Opening 1850-05-01-14400 data ...
... Opening 1850-05-01-18000 data ...
... Opening 1850-05-01-21600 data ...
... Opening 1850-05-01-25200 data ...
... Opening 1850-05-01-28800 data ...
... Opening 1850-05-01-32400 data ...
... Opening 1850-05-01-36000 data ...
... Opening 1850-05-01-39600 data ...
... Opening 1850-05-01-43200 data ...
... Opening 1850-05-01-46800 data ...
... Opening 1850-05-01-50400 data ...
... Opening 1850-05-01-54000 data ...
... Opening 1850-05-01-57600 data ...
... Opening 1850-05-01-61200 data ...
... Opening 1850-05-01-64800 data ...
... Opening 1850-05-01-68400 data ...
... Opening 1850-05-01-72000 data ...
... Opening 1850-05-01-75600 data ...
... Opening 1850-05-01-79200 data ...
... Opening 1850-05-01-82800 data ...
... Opening 1850-05-02-00000 data ...

------ It took 0:00:15.939241 to process 24 files.

----------------------------------------------------------------------------------
     Computing convective-scale means for CRM_W and with fraction 50% 
     for FSPCAMm_AMIP and abrupt4xCO2
----------------------------------------------------------------------------------

[1m Extract values for 1850-05-01-03600 --- 1850-05-02-00000(B[m

outputdir : /Users/bfildier/Data/preprocessed/bf_FSPCAMm_AMIP_abrupt4xCO2/day
outputfile: CRM-W-I50_day_CESM111-SPCAM20_abrupt4xCO2_r1i1p1_18500501-18500502.nc
inddir    : /Users/bfildier/Data/preprocessed/bf_FSPCAMm_AMIP_abrupt4xCO2/1hr
indfile   : I50_1hr_CESM111-SPCAM20_abrupt4xCO2_r1i1p1_185005010100-185005020000.nc
... Opening 1850-05-01-03600 data ...
... Opening 1850-05-01-07200 data ...
... Opening 1850-05-01-10800 data ...
... Opening 1850-05-01-14400 data ...
... Opening 1850-05-01-18000 data ...
... Opening 1850-05-01-21600 data ...
... Opening 1850-05-01-25200 data ...
... Opening 1850-05-01-28800 data ...
... Opening 1850-05-01-32400 data ...
... Opening 1850-05-01-36000 data ...
... Opening 1850-05-01-39600 data ...
... Opening 1850-05-01-43200 data ...
... Opening 1850-05-01-46800 data ...
... Opening 1850-05-01-50400 data ...
... Opening 1850-05-01-54000 data ...
... Opening 1850-05-01-57600 data ...
... Opening 1850-05-01-61200 data ...
... Opening 1850-05-01-64800 data ...
... Opening 1850-05-01-68400 data ...
... Opening 1850-05-01-72000 data ...
... Opening 1850-05-01-75600 data ...
... Opening 1850-05-01-79200 data ...
... Opening 1850-05-01-82800 data ...
... Opening 1850-05-02-00000 data ...

------ It took 0:00:16.097240 to process 24 files.

----------------------------------------------------------------------------------
     Computing convective-scale means for CRM_W and with fraction 25% 
     for FSPCAMm_AMIP and abrupt4xCO2
----------------------------------------------------------------------------------

[1m Extract values for 1850-05-01-03600 --- 1850-05-02-00000(B[m

outputdir : /Users/bfildier/Data/preprocessed/bf_FSPCAMm_AMIP_abrupt4xCO2/day
outputfile: CRM-W-I25_day_CESM111-SPCAM20_abrupt4xCO2_r1i1p1_18500501-18500502.nc
inddir    : /Users/bfildier/Data/preprocessed/bf_FSPCAMm_AMIP_abrupt4xCO2/1hr
indfile   : I25_1hr_CESM111-SPCAM20_abrupt4xCO2_r1i1p1_185005010100-185005020000.nc
... Opening 1850-05-01-03600 data ...
... Opening 1850-05-01-07200 data ...
... Opening 1850-05-01-10800 data ...
... Opening 1850-05-01-14400 data ...
... Opening 1850-05-01-18000 data ...
... Opening 1850-05-01-21600 data ...
... Opening 1850-05-01-25200 data ...
... Opening 1850-05-01-28800 data ...
... Opening 1850-05-01-32400 data ...
... Opening 1850-05-01-36000 data ...
... Opening 1850-05-01-39600 data ...
... Opening 1850-05-01-43200 data ...
... Opening 1850-05-01-46800 data ...
... Opening 1850-05-01-50400 data ...
... Opening 1850-05-01-54000 data ...
... Opening 1850-05-01-57600 data ...
... Opening 1850-05-01-61200 data ...
... Opening 1850-05-01-64800 data ...
... Opening 1850-05-01-68400 data ...
... Opening 1850-05-01-72000 data ...
... Opening 1850-05-01-75600 data ...
... Opening 1850-05-01-79200 data ...
... Opening 1850-05-01-82800 data ...
... Opening 1850-05-02-00000 data ...

------ It took 0:00:15.182824 to process 24 files.

----------------------------------------------------------------------------------
     Computing convective-scale means for CRM_W and with fraction 10% 
     for FSPCAMm_AMIP and abrupt4xCO2
----------------------------------------------------------------------------------

[1m Extract values for 1850-05-01-03600 --- 1850-05-02-00000(B[m

outputdir : /Users/bfildier/Data/preprocessed/bf_FSPCAMm_AMIP_abrupt4xCO2/day
outputfile: CRM-W-I10_day_CESM111-SPCAM20_abrupt4xCO2_r1i1p1_18500501-18500502.nc
inddir    : /Users/bfildier/Data/preprocessed/bf_FSPCAMm_AMIP_abrupt4xCO2/1hr
indfile   : I10_1hr_CESM111-SPCAM20_abrupt4xCO2_r1i1p1_185005010100-185005020000.nc
... Opening 1850-05-01-03600 data ...
... Opening 1850-05-01-07200 data ...
... Opening 1850-05-01-10800 data ...
... Opening 1850-05-01-14400 data ...
... Opening 1850-05-01-18000 data ...
... Opening 1850-05-01-21600 data ...
... Opening 1850-05-01-25200 data ...
... Opening 1850-05-01-28800 data ...
... Opening 1850-05-01-32400 data ...
... Opening 1850-05-01-36000 data ...
... Opening 1850-05-01-39600 data ...
... Opening 1850-05-01-43200 data ...
... Opening 1850-05-01-46800 data ...
... Opening 1850-05-01-50400 data ...
... Opening 1850-05-01-54000 data ...
... Opening 1850-05-01-57600 data ...
... Opening 1850-05-01-61200 data ...
... Opening 1850-05-01-64800 data ...
... Opening 1850-05-01-68400 data ...
... Opening 1850-05-01-72000 data ...
... Opening 1850-05-01-75600 data ...
... Opening 1850-05-01-79200 data ...
... Opening 1850-05-01-82800 data ...
... Opening 1850-05-02-00000 data ...

------ It took 0:00:12.389750 to process 24 files.

----------------------------------------------------------------------------------
     Computing convective-scale means for CRM_QC and with fraction 90% 
     for FSPCAMm_AMIP and abrupt4xCO2
----------------------------------------------------------------------------------

[1m Extract values for 1850-05-01-03600 --- 1850-05-02-00000(B[m

outputdir : /Users/bfildier/Data/preprocessed/bf_FSPCAMm_AMIP_abrupt4xCO2/day
outputfile: CRM-QC-I90_day_CESM111-SPCAM20_abrupt4xCO2_r1i1p1_18500501-18500502.nc
inddir    : /Users/bfildier/Data/preprocessed/bf_FSPCAMm_AMIP_abrupt4xCO2/1hr
indfile   : I90_1hr_CESM111-SPCAM20_abrupt4xCO2_r1i1p1_185005010100-185005020000.nc
... Opening 1850-05-01-03600 data ...
... Opening 1850-05-01-07200 data ...
... Opening 1850-05-01-10800 data ...
... Opening 1850-05-01-14400 data ...
... Opening 1850-05-01-18000 data ...
... Opening 1850-05-01-21600 data ...
... Opening 1850-05-01-25200 data ...
... Opening 1850-05-01-28800 data ...
... Opening 1850-05-01-32400 data ...
... Opening 1850-05-01-36000 data ...
... Opening 1850-05-01-39600 data ...
... Opening 1850-05-01-43200 data ...
... Opening 1850-05-01-46800 data ...
... Opening 1850-05-01-50400 data ...
... Opening 1850-05-01-54000 data ...
... Opening 1850-05-01-57600 data ...
... Opening 1850-05-01-61200 data ...
... Opening 1850-05-01-64800 data ...
... Opening 1850-05-01-68400 data ...
... Opening 1850-05-01-72000 data ...
... Opening 1850-05-01-75600 data ...
... Opening 1850-05-01-79200 data ...
... Opening 1850-05-01-82800 data ...
... Opening 1850-05-02-00000 data ...

------ It took 0:00:17.363490 to process 24 files.

----------------------------------------------------------------------------------
     Computing convective-scale means for CRM_QC and with fraction 75% 
     for FSPCAMm_AMIP and abrupt4xCO2
----------------------------------------------------------------------------------

[1m Extract values for 1850-05-01-03600 --- 1850-05-02-00000(B[m

outputdir : /Users/bfildier/Data/preprocessed/bf_FSPCAMm_AMIP_abrupt4xCO2/day
outputfile: CRM-QC-I75_day_CESM111-SPCAM20_abrupt4xCO2_r1i1p1_18500501-18500502.nc
inddir    : /Users/bfildier/Data/preprocessed/bf_FSPCAMm_AMIP_abrupt4xCO2/1hr
indfile   : I75_1hr_CESM111-SPCAM20_abrupt4xCO2_r1i1p1_185005010100-185005020000.nc
... Opening 1850-05-01-03600 data ...
... Opening 1850-05-01-07200 data ...
... Opening 1850-05-01-10800 data ...
... Opening 1850-05-01-14400 data ...
... Opening 1850-05-01-18000 data ...
... Opening 1850-05-01-21600 data ...
... Opening 1850-05-01-25200 data ...
... Opening 1850-05-01-28800 data ...
... Opening 1850-05-01-32400 data ...
... Opening 1850-05-01-36000 data ...
... Opening 1850-05-01-39600 data ...
... Opening 1850-05-01-43200 data ...
... Opening 1850-05-01-46800 data ...
... Opening 1850-05-01-50400 data ...
... Opening 1850-05-01-54000 data ...
... Opening 1850-05-01-57600 data ...
... Opening 1850-05-01-61200 data ...
... Opening 1850-05-01-64800 data ...
... Opening 1850-05-01-68400 data ...
... Opening 1850-05-01-72000 data ...
... Opening 1850-05-01-75600 data ...
... Opening 1850-05-01-79200 data ...
... Opening 1850-05-01-82800 data ...
... Opening 1850-05-02-00000 data ...

------ It took 0:00:15.740547 to process 24 files.

----------------------------------------------------------------------------------
     Computing convective-scale means for CRM_QC and with fraction 50% 
     for FSPCAMm_AMIP and abrupt4xCO2
----------------------------------------------------------------------------------

[1m Extract values for 1850-05-01-03600 --- 1850-05-02-00000(B[m

outputdir : /Users/bfildier/Data/preprocessed/bf_FSPCAMm_AMIP_abrupt4xCO2/day
outputfile: CRM-QC-I50_day_CESM111-SPCAM20_abrupt4xCO2_r1i1p1_18500501-18500502.nc
inddir    : /Users/bfildier/Data/preprocessed/bf_FSPCAMm_AMIP_abrupt4xCO2/1hr
indfile   : I50_1hr_CESM111-SPCAM20_abrupt4xCO2_r1i1p1_185005010100-185005020000.nc
... Opening 1850-05-01-03600 data ...
... Opening 1850-05-01-07200 data ...
... Opening 1850-05-01-10800 data ...
... Opening 1850-05-01-14400 data ...
... Opening 1850-05-01-18000 data ...
... Opening 1850-05-01-21600 data ...
... Opening 1850-05-01-25200 data ...
... Opening 1850-05-01-28800 data ...
... Opening 1850-05-01-32400 data ...
... Opening 1850-05-01-36000 data ...
... Opening 1850-05-01-39600 data ...
... Opening 1850-05-01-43200 data ...
... Opening 1850-05-01-46800 data ...
... Opening 1850-05-01-50400 data ...
... Opening 1850-05-01-54000 data ...
... Opening 1850-05-01-57600 data ...
... Opening 1850-05-01-61200 data ...
... Opening 1850-05-01-64800 data ...
... Opening 1850-05-01-68400 data ...
... Opening 1850-05-01-72000 data ...
... Opening 1850-05-01-75600 data ...
... Opening 1850-05-01-79200 data ...
... Opening 1850-05-01-82800 data ...
... Opening 1850-05-02-00000 data ...

------ It took 0:00:15.134448 to process 24 files.

----------------------------------------------------------------------------------
     Computing convective-scale means for CRM_QC and with fraction 25% 
     for FSPCAMm_AMIP and abrupt4xCO2
----------------------------------------------------------------------------------

[1m Extract values for 1850-05-01-03600 --- 1850-05-02-00000(B[m

outputdir : /Users/bfildier/Data/preprocessed/bf_FSPCAMm_AMIP_abrupt4xCO2/day
outputfile: CRM-QC-I25_day_CESM111-SPCAM20_abrupt4xCO2_r1i1p1_18500501-18500502.nc
inddir    : /Users/bfildier/Data/preprocessed/bf_FSPCAMm_AMIP_abrupt4xCO2/1hr
indfile   : I25_1hr_CESM111-SPCAM20_abrupt4xCO2_r1i1p1_185005010100-185005020000.nc
... Opening 1850-05-01-03600 data ...
... Opening 1850-05-01-07200 data ...
... Opening 1850-05-01-10800 data ...
... Opening 1850-05-01-14400 data ...
... Opening 1850-05-01-18000 data ...
... Opening 1850-05-01-21600 data ...
... Opening 1850-05-01-25200 data ...
... Opening 1850-05-01-28800 data ...
... Opening 1850-05-01-32400 data ...
... Opening 1850-05-01-36000 data ...
... Opening 1850-05-01-39600 data ...
... Opening 1850-05-01-43200 data ...
... Opening 1850-05-01-46800 data ...
... Opening 1850-05-01-50400 data ...
... Opening 1850-05-01-54000 data ...
... Opening 1850-05-01-57600 data ...
... Opening 1850-05-01-61200 data ...
... Opening 1850-05-01-64800 data ...
... Opening 1850-05-01-68400 data ...
... Opening 1850-05-01-72000 data ...
... Opening 1850-05-01-75600 data ...
... Opening 1850-05-01-79200 data ...
... Opening 1850-05-01-82800 data ...
... Opening 1850-05-02-00000 data ...

------ It took 0:00:13.303928 to process 24 files.

----------------------------------------------------------------------------------
     Computing convective-scale means for CRM_QC and with fraction 10% 
     for FSPCAMm_AMIP and abrupt4xCO2
----------------------------------------------------------------------------------

[1m Extract values for 1850-05-01-03600 --- 1850-05-02-00000(B[m

outputdir : /Users/bfildier/Data/preprocessed/bf_FSPCAMm_AMIP_abrupt4xCO2/day
outputfile: CRM-QC-I10_day_CESM111-SPCAM20_abrupt4xCO2_r1i1p1_18500501-18500502.nc
inddir    : /Users/bfildier/Data/preprocessed/bf_FSPCAMm_AMIP_abrupt4xCO2/1hr
indfile   : I10_1hr_CESM111-SPCAM20_abrupt4xCO2_r1i1p1_185005010100-185005020000.nc
... Opening 1850-05-01-03600 data ...
... Opening 1850-05-01-07200 data ...
... Opening 1850-05-01-10800 data ...
... Opening 1850-05-01-14400 data ...
... Opening 1850-05-01-18000 data ...
... Opening 1850-05-01-21600 data ...
... Opening 1850-05-01-25200 data ...
... Opening 1850-05-01-28800 data ...
... Opening 1850-05-01-32400 data ...
... Opening 1850-05-01-36000 data ...
... Opening 1850-05-01-39600 data ...
... Opening 1850-05-01-43200 data ...
... Opening 1850-05-01-46800 data ...
... Opening 1850-05-01-50400 data ...
... Opening 1850-05-01-54000 data ...
... Opening 1850-05-01-57600 data ...
... Opening 1850-05-01-61200 data ...
... Opening 1850-05-01-64800 data ...
... Opening 1850-05-01-68400 data ...
... Opening 1850-05-01-72000 data ...
... Opening 1850-05-01-75600 data ...
... Opening 1850-05-01-79200 data ...
... Opening 1850-05-01-82800 data ...
... Opening 1850-05-02-00000 data ...

------ It took 0:00:11.913567 to process 24 files.

----------------------------------------------------------------------------------
     Computing convective-scale means for CRM_QPC and with fraction 90% 
     for FSPCAMm_AMIP and abrupt4xCO2
----------------------------------------------------------------------------------

[1m Extract values for 1850-05-01-03600 --- 1850-05-02-00000(B[m

outputdir : /Users/bfildier/Data/preprocessed/bf_FSPCAMm_AMIP_abrupt4xCO2/day
outputfile: CRM-QPC-I90_day_CESM111-SPCAM20_abrupt4xCO2_r1i1p1_18500501-18500502.nc
inddir    : /Users/bfildier/Data/preprocessed/bf_FSPCAMm_AMIP_abrupt4xCO2/1hr
indfile   : I90_1hr_CESM111-SPCAM20_abrupt4xCO2_r1i1p1_185005010100-185005020000.nc
... Opening 1850-05-01-03600 data ...
... Opening 1850-05-01-07200 data ...
... Opening 1850-05-01-10800 data ...
... Opening 1850-05-01-14400 data ...
... Opening 1850-05-01-18000 data ...
... Opening 1850-05-01-21600 data ...
... Opening 1850-05-01-25200 data ...
... Opening 1850-05-01-28800 data ...
... Opening 1850-05-01-32400 data ...
... Opening 1850-05-01-36000 data ...
... Opening 1850-05-01-39600 data ...
... Opening 1850-05-01-43200 data ...
... Opening 1850-05-01-46800 data ...
... Opening 1850-05-01-50400 data ...
... Opening 1850-05-01-54000 data ...
... Opening 1850-05-01-57600 data ...
... Opening 1850-05-01-61200 data ...
... Opening 1850-05-01-64800 data ...
... Opening 1850-05-01-68400 data ...
... Opening 1850-05-01-72000 data ...
... Opening 1850-05-01-75600 data ...
... Opening 1850-05-01-79200 data ...
... Opening 1850-05-01-82800 data ...
... Opening 1850-05-02-00000 data ...

------ It took 0:00:17.377711 to process 24 files.

----------------------------------------------------------------------------------
     Computing convective-scale means for CRM_QPC and with fraction 75% 
     for FSPCAMm_AMIP and abrupt4xCO2
----------------------------------------------------------------------------------

[1m Extract values for 1850-05-01-03600 --- 1850-05-02-00000(B[m

outputdir : /Users/bfildier/Data/preprocessed/bf_FSPCAMm_AMIP_abrupt4xCO2/day
outputfile: CRM-QPC-I75_day_CESM111-SPCAM20_abrupt4xCO2_r1i1p1_18500501-18500502.nc
inddir    : /Users/bfildier/Data/preprocessed/bf_FSPCAMm_AMIP_abrupt4xCO2/1hr
indfile   : I75_1hr_CESM111-SPCAM20_abrupt4xCO2_r1i1p1_185005010100-185005020000.nc
... Opening 1850-05-01-03600 data ...
... Opening 1850-05-01-07200 data ...
... Opening 1850-05-01-10800 data ...
... Opening 1850-05-01-14400 data ...
... Opening 1850-05-01-18000 data ...
... Opening 1850-05-01-21600 data ...
... Opening 1850-05-01-25200 data ...
... Opening 1850-05-01-28800 data ...
... Opening 1850-05-01-32400 data ...
... Opening 1850-05-01-36000 data ...
... Opening 1850-05-01-39600 data ...
... Opening 1850-05-01-43200 data ...
... Opening 1850-05-01-46800 data ...
... Opening 1850-05-01-50400 data ...
... Opening 1850-05-01-54000 data ...
... Opening 1850-05-01-57600 data ...
... Opening 1850-05-01-61200 data ...
... Opening 1850-05-01-64800 data ...
... Opening 1850-05-01-68400 data ...
... Opening 1850-05-01-72000 data ...
... Opening 1850-05-01-75600 data ...
... Opening 1850-05-01-79200 data ...
... Opening 1850-05-01-82800 data ...
... Opening 1850-05-02-00000 data ...

------ It took 0:00:15.150324 to process 24 files.

----------------------------------------------------------------------------------
     Computing convective-scale means for CRM_QPC and with fraction 50% 
     for FSPCAMm_AMIP and abrupt4xCO2
----------------------------------------------------------------------------------

[1m Extract values for 1850-05-01-03600 --- 1850-05-02-00000(B[m

outputdir : /Users/bfildier/Data/preprocessed/bf_FSPCAMm_AMIP_abrupt4xCO2/day
outputfile: CRM-QPC-I50_day_CESM111-SPCAM20_abrupt4xCO2_r1i1p1_18500501-18500502.nc
inddir    : /Users/bfildier/Data/preprocessed/bf_FSPCAMm_AMIP_abrupt4xCO2/1hr
indfile   : I50_1hr_CESM111-SPCAM20_abrupt4xCO2_r1i1p1_185005010100-185005020000.nc
... Opening 1850-05-01-03600 data ...
... Opening 1850-05-01-07200 data ...
... Opening 1850-05-01-10800 data ...
... Opening 1850-05-01-14400 data ...
... Opening 1850-05-01-18000 data ...
... Opening 1850-05-01-21600 data ...
... Opening 1850-05-01-25200 data ...
... Opening 1850-05-01-28800 data ...
... Opening 1850-05-01-32400 data ...
... Opening 1850-05-01-36000 data ...
... Opening 1850-05-01-39600 data ...
... Opening 1850-05-01-43200 data ...
... Opening 1850-05-01-46800 data ...
... Opening 1850-05-01-50400 data ...
... Opening 1850-05-01-54000 data ...
... Opening 1850-05-01-57600 data ...
... Opening 1850-05-01-61200 data ...
... Opening 1850-05-01-64800 data ...
... Opening 1850-05-01-68400 data ...
... Opening 1850-05-01-72000 data ...
... Opening 1850-05-01-75600 data ...
... Opening 1850-05-01-79200 data ...
... Opening 1850-05-01-82800 data ...
... Opening 1850-05-02-00000 data ...

------ It took 0:00:14.040905 to process 24 files.

----------------------------------------------------------------------------------
     Computing convective-scale means for CRM_QPC and with fraction 25% 
     for FSPCAMm_AMIP and abrupt4xCO2
----------------------------------------------------------------------------------

[1m Extract values for 1850-05-01-03600 --- 1850-05-02-00000(B[m

outputdir : /Users/bfildier/Data/preprocessed/bf_FSPCAMm_AMIP_abrupt4xCO2/day
outputfile: CRM-QPC-I25_day_CESM111-SPCAM20_abrupt4xCO2_r1i1p1_18500501-18500502.nc
inddir    : /Users/bfildier/Data/preprocessed/bf_FSPCAMm_AMIP_abrupt4xCO2/1hr
indfile   : I25_1hr_CESM111-SPCAM20_abrupt4xCO2_r1i1p1_185005010100-185005020000.nc
... Opening 1850-05-01-03600 data ...
... Opening 1850-05-01-07200 data ...
... Opening 1850-05-01-10800 data ...
... Opening 1850-05-01-14400 data ...
... Opening 1850-05-01-18000 data ...
... Opening 1850-05-01-21600 data ...
... Opening 1850-05-01-25200 data ...
... Opening 1850-05-01-28800 data ...
... Opening 1850-05-01-32400 data ...
... Opening 1850-05-01-36000 data ...
... Opening 1850-05-01-39600 data ...
... Opening 1850-05-01-43200 data ...
... Opening 1850-05-01-46800 data ...
... Opening 1850-05-01-50400 data ...
... Opening 1850-05-01-54000 data ...
... Opening 1850-05-01-57600 data ...
... Opening 1850-05-01-61200 data ...
... Opening 1850-05-01-64800 data ...
... Opening 1850-05-01-68400 data ...
... Opening 1850-05-01-72000 data ...
... Opening 1850-05-01-75600 data ...
... Opening 1850-05-01-79200 data ...
... Opening 1850-05-01-82800 data ...
... Opening 1850-05-02-00000 data ...

------ It took 0:00:13.126584 to process 24 files.

----------------------------------------------------------------------------------
     Computing convective-scale means for CRM_QPC and with fraction 10% 
     for FSPCAMm_AMIP and abrupt4xCO2
----------------------------------------------------------------------------------

[1m Extract values for 1850-05-01-03600 --- 1850-05-02-00000(B[m

outputdir : /Users/bfildier/Data/preprocessed/bf_FSPCAMm_AMIP_abrupt4xCO2/day
outputfile: CRM-QPC-I10_day_CESM111-SPCAM20_abrupt4xCO2_r1i1p1_18500501-18500502.nc
inddir    : /Users/bfildier/Data/preprocessed/bf_FSPCAMm_AMIP_abrupt4xCO2/1hr
indfile   : I10_1hr_CESM111-SPCAM20_abrupt4xCO2_r1i1p1_185005010100-185005020000.nc
... Opening 1850-05-01-03600 data ...
... Opening 1850-05-01-07200 data ...
... Opening 1850-05-01-10800 data ...
... Opening 1850-05-01-14400 data ...
... Opening 1850-05-01-18000 data ...
... Opening 1850-05-01-21600 data ...
... Opening 1850-05-01-25200 data ...
... Opening 1850-05-01-28800 data ...
... Opening 1850-05-01-32400 data ...
... Opening 1850-05-01-36000 data ...
... Opening 1850-05-01-39600 data ...
... Opening 1850-05-01-43200 data ...
... Opening 1850-05-01-46800 data ...
... Opening 1850-05-01-50400 data ...
... Opening 1850-05-01-54000 data ...
... Opening 1850-05-01-57600 data ...
... Opening 1850-05-01-61200 data ...
... Opening 1850-05-01-64800 data ...
... Opening 1850-05-01-68400 data ...
... Opening 1850-05-01-72000 data ...
... Opening 1850-05-01-75600 data ...
... Opening 1850-05-01-79200 data ...
... Opening 1850-05-01-82800 data ...
... Opening 1850-05-02-00000 data ...

------ It took 0:00:12.809490 to process 24 files.

----------------------------------------------------------------------------------
     Computing convective-scale means for CRM_PREC and with fraction 90% 
     for FSPCAMm_AMIP and abrupt4xCO2
----------------------------------------------------------------------------------

[1m Extract values for 1850-05-01-03600 --- 1850-05-02-00000(B[m

outputdir : /Users/bfildier/Data/preprocessed/bf_FSPCAMm_AMIP_abrupt4xCO2/day
outputfile: CRM-PREC-I90_day_CESM111-SPCAM20_abrupt4xCO2_r1i1p1_18500501-18500502.nc
inddir    : /Users/bfildier/Data/preprocessed/bf_FSPCAMm_AMIP_abrupt4xCO2/1hr
indfile   : I90_1hr_CESM111-SPCAM20_abrupt4xCO2_r1i1p1_185005010100-185005020000.nc
... Opening 1850-05-01-03600 data ...
... Opening 1850-05-01-07200 data ...
... Opening 1850-05-01-10800 data ...
... Opening 1850-05-01-14400 data ...
... Opening 1850-05-01-18000 data ...
... Opening 1850-05-01-21600 data ...
... Opening 1850-05-01-25200 data ...
... Opening 1850-05-01-28800 data ...
... Opening 1850-05-01-32400 data ...
... Opening 1850-05-01-36000 data ...
... Opening 1850-05-01-39600 data ...
... Opening 1850-05-01-43200 data ...
... Opening 1850-05-01-46800 data ...
... Opening 1850-05-01-50400 data ...
... Opening 1850-05-01-54000 data ...
... Opening 1850-05-01-57600 data ...
... Opening 1850-05-01-61200 data ...
... Opening 1850-05-01-64800 data ...
... Opening 1850-05-01-68400 data ...
... Opening 1850-05-01-72000 data ...
... Opening 1850-05-01-75600 data ...
... Opening 1850-05-01-79200 data ...
... Opening 1850-05-01-82800 data ...
... Opening 1850-05-02-00000 data ...

------ It took 0:00:00.801040 to process 24 files.

----------------------------------------------------------------------------------
     Computing convective-scale means for CRM_PREC and with fraction 75% 
     for FSPCAMm_AMIP and abrupt4xCO2
----------------------------------------------------------------------------------

[1m Extract values for 1850-05-01-03600 --- 1850-05-02-00000(B[m

outputdir : /Users/bfildier/Data/preprocessed/bf_FSPCAMm_AMIP_abrupt4xCO2/day
outputfile: CRM-PREC-I75_day_CESM111-SPCAM20_abrupt4xCO2_r1i1p1_18500501-18500502.nc
inddir    : /Users/bfildier/Data/preprocessed/bf_FSPCAMm_AMIP_abrupt4xCO2/1hr
indfile   : I75_1hr_CESM111-SPCAM20_abrupt4xCO2_r1i1p1_185005010100-185005020000.nc
... Opening 1850-05-01-03600 data ...
... Opening 1850-05-01-07200 data ...
... Opening 1850-05-01-10800 data ...
... Opening 1850-05-01-14400 data ...
... Opening 1850-05-01-18000 data ...
... Opening 1850-05-01-21600 data ...
... Opening 1850-05-01-25200 data ...
... Opening 1850-05-01-28800 data ...
... Opening 1850-05-01-32400 data ...
... Opening 1850-05-01-36000 data ...
... Opening 1850-05-01-39600 data ...
... Opening 1850-05-01-43200 data ...
... Opening 1850-05-01-46800 data ...
... Opening 1850-05-01-50400 data ...
... Opening 1850-05-01-54000 data ...
... Opening 1850-05-01-57600 data ...
... Opening 1850-05-01-61200 data ...
... Opening 1850-05-01-64800 data ...
... Opening 1850-05-01-68400 data ...
... Opening 1850-05-01-72000 data ...
... Opening 1850-05-01-75600 data ...
... Opening 1850-05-01-79200 data ...
... Opening 1850-05-01-82800 data ...
... Opening 1850-05-02-00000 data ...

------ It took 0:00:00.190447 to process 24 files.

----------------------------------------------------------------------------------
     Computing convective-scale means for CRM_PREC and with fraction 50% 
     for FSPCAMm_AMIP and abrupt4xCO2
----------------------------------------------------------------------------------

[1m Extract values for 1850-05-01-03600 --- 1850-05-02-00000(B[m

outputdir : /Users/bfildier/Data/preprocessed/bf_FSPCAMm_AMIP_abrupt4xCO2/day
outputfile: CRM-PREC-I50_day_CESM111-SPCAM20_abrupt4xCO2_r1i1p1_18500501-18500502.nc
inddir    : /Users/bfildier/Data/preprocessed/bf_FSPCAMm_AMIP_abrupt4xCO2/1hr
indfile   : I50_1hr_CESM111-SPCAM20_abrupt4xCO2_r1i1p1_185005010100-185005020000.nc
... Opening 1850-05-01-03600 data ...
... Opening 1850-05-01-07200 data ...
... Opening 1850-05-01-10800 data ...
... Opening 1850-05-01-14400 data ...
... Opening 1850-05-01-18000 data ...
... Opening 1850-05-01-21600 data ...
... Opening 1850-05-01-25200 data ...
... Opening 1850-05-01-28800 data ...
... Opening 1850-05-01-32400 data ...
... Opening 1850-05-01-36000 data ...
... Opening 1850-05-01-39600 data ...
... Opening 1850-05-01-43200 data ...
... Opening 1850-05-01-46800 data ...
... Opening 1850-05-01-50400 data ...
... Opening 1850-05-01-54000 data ...
... Opening 1850-05-01-57600 data ...
... Opening 1850-05-01-61200 data ...
... Opening 1850-05-01-64800 data ...
... Opening 1850-05-01-68400 data ...
... Opening 1850-05-01-72000 data ...
... Opening 1850-05-01-75600 data ...
... Opening 1850-05-01-79200 data ...
... Opening 1850-05-01-82800 data ...
... Opening 1850-05-02-00000 data ...

------ It took 0:00:00.219954 to process 24 files.

----------------------------------------------------------------------------------
     Computing convective-scale means for CRM_PREC and with fraction 25% 
     for FSPCAMm_AMIP and abrupt4xCO2
----------------------------------------------------------------------------------

[1m Extract values for 1850-05-01-03600 --- 1850-05-02-00000(B[m

outputdir : /Users/bfildier/Data/preprocessed/bf_FSPCAMm_AMIP_abrupt4xCO2/day
outputfile: CRM-PREC-I25_day_CESM111-SPCAM20_abrupt4xCO2_r1i1p1_18500501-18500502.nc
inddir    : /Users/bfildier/Data/preprocessed/bf_FSPCAMm_AMIP_abrupt4xCO2/1hr
indfile   : I25_1hr_CESM111-SPCAM20_abrupt4xCO2_r1i1p1_185005010100-185005020000.nc
... Opening 1850-05-01-03600 data ...
... Opening 1850-05-01-07200 data ...
... Opening 1850-05-01-10800 data ...
... Opening 1850-05-01-14400 data ...
... Opening 1850-05-01-18000 data ...
... Opening 1850-05-01-21600 data ...
... Opening 1850-05-01-25200 data ...
... Opening 1850-05-01-28800 data ...
... Opening 1850-05-01-32400 data ...
... Opening 1850-05-01-36000 data ...
... Opening 1850-05-01-39600 data ...
... Opening 1850-05-01-43200 data ...
... Opening 1850-05-01-46800 data ...
... Opening 1850-05-01-50400 data ...
... Opening 1850-05-01-54000 data ...
... Opening 1850-05-01-57600 data ...
... Opening 1850-05-01-61200 data ...
... Opening 1850-05-01-64800 data ...
... Opening 1850-05-01-68400 data ...
... Opening 1850-05-01-72000 data ...
... Opening 1850-05-01-75600 data ...
... Opening 1850-05-01-79200 data ...
... Opening 1850-05-01-82800 data ...
... Opening 1850-05-02-00000 data ...

------ It took 0:00:00.188105 to process 24 files.

----------------------------------------------------------------------------------
     Computing convective-scale means for CRM_PREC and with fraction 10% 
     for FSPCAMm_AMIP and abrupt4xCO2
----------------------------------------------------------------------------------

[1m Extract values for 1850-05-01-03600 --- 1850-05-02-00000(B[m

outputdir : /Users/bfildier/Data/preprocessed/bf_FSPCAMm_AMIP_abrupt4xCO2/day
outputfile: CRM-PREC-I10_day_CESM111-SPCAM20_abrupt4xCO2_r1i1p1_18500501-18500502.nc
inddir    : /Users/bfildier/Data/preprocessed/bf_FSPCAMm_AMIP_abrupt4xCO2/1hr
indfile   : I10_1hr_CESM111-SPCAM20_abrupt4xCO2_r1i1p1_185005010100-185005020000.nc
... Opening 1850-05-01-03600 data ...
... Opening 1850-05-01-07200 data ...
... Opening 1850-05-01-10800 data ...
... Opening 1850-05-01-14400 data ...
... Opening 1850-05-01-18000 data ...
... Opening 1850-05-01-21600 data ...
... Opening 1850-05-01-25200 data ...
... Opening 1850-05-01-28800 data ...
... Opening 1850-05-01-32400 data ...
... Opening 1850-05-01-36000 data ...
... Opening 1850-05-01-39600 data ...
... Opening 1850-05-01-43200 data ...
... Opening 1850-05-01-46800 data ...
... Opening 1850-05-01-50400 data ...
... Opening 1850-05-01-54000 data ...
... Opening 1850-05-01-57600 data ...
... Opening 1850-05-01-61200 data ...
... Opening 1850-05-01-64800 data ...
... Opening 1850-05-01-68400 data ...
... Opening 1850-05-01-72000 data ...
... Opening 1850-05-01-75600 data ...
... Opening 1850-05-01-79200 data ...
... Opening 1850-05-01-82800 data ...
... Opening 1850-05-02-00000 data ...

------ It took 0:00:00.156978 to process 24 files.
