
 -- Load environment for machine jollyjumper for preprocessing...
Environment already loaded

------------------------------------------------------------------
     Getting hourly T values for FAMIPC5 and abrupt4xCO2
------------------------------------------------------------------

[1m Extract values for 1850-05-01-03600 --- 1850-05-02-00000(B[m

jollyjumper
... Extracting 1850-05-01-03600 data ...
... Extracting 1850-05-01-07200 data ...
... Extracting 1850-05-01-10800 data ...
... Extracting 1850-05-01-14400 data ...
... Extracting 1850-05-01-18000 data ...
... Extracting 1850-05-01-21600 data ...
... Extracting 1850-05-01-25200 data ...
... Extracting 1850-05-01-28800 data ...
... Extracting 1850-05-01-32400 data ...
... Extracting 1850-05-01-36000 data ...
... Extracting 1850-05-01-39600 data ...
... Extracting 1850-05-01-43200 data ...
... Extracting 1850-05-01-46800 data ...
... Extracting 1850-05-01-50400 data ...
... Extracting 1850-05-01-54000 data ...
... Extracting 1850-05-01-57600 data ...
... Extracting 1850-05-01-61200 data ...
... Extracting 1850-05-01-64800 data ...
... Extracting 1850-05-01-68400 data ...
... Extracting 1850-05-01-72000 data ...
... Extracting 1850-05-01-75600 data ...
... Extracting 1850-05-01-79200 data ...
... Extracting 1850-05-01-82800 data ...
... Extracting 1850-05-02-00000 data ...

------ It took 0:00:01.256228 to process 24 files.
