
 -- Load environment for machine jollyjumper for analysis...
Environment already loaded

------------------------------------------------------------------------
     Extracting CRM mass flux for:
     - compset FSPCAMm_AMIP
     - experiment piControl
     - subset tropics
     - varid CRM_W_O50
     - precipitation variables PRECT
     - percentile 90.0
------------------------------------------------------------------------


 -- Load environment for machine jollyjumper for preprocessing...
Environment already loaded
[1m 1850-05-01-03600 --- 1850-05-02-00000 (B[m
0:00:00.025110


------------------------------------------------------------------------
     Extracting CRM mass flux for:
     - compset FSPCAMm_AMIP
     - experiment piControl
     - subset tropics
     - varid CRM_W_O50
     - precipitation variables PRECT
     - percentile 92.0567
------------------------------------------------------------------------


 -- Load environment for machine jollyjumper for preprocessing...
Environment already loaded
[1m 1850-05-01-03600 --- 1850-05-02-00000 (B[m
0:00:00.019680


------------------------------------------------------------------------
     Extracting CRM mass flux for:
     - compset FSPCAMm_AMIP
     - experiment piControl
     - subset tropics
     - varid CRM_W_O50
     - precipitation variables PRECT
     - percentile 93.6904
------------------------------------------------------------------------


 -- Load environment for machine jollyjumper for preprocessing...
Environment already loaded
[1m 1850-05-01-03600 --- 1850-05-02-00000 (B[m
0:00:00.025914


------------------------------------------------------------------------
     Extracting CRM mass flux for:
     - compset FSPCAMm_AMIP
     - experiment piControl
     - subset tropics
     - varid CRM_W_O50
     - precipitation variables PRECT
     - percentile 94.9881
------------------------------------------------------------------------


 -- Load environment for machine jollyjumper for preprocessing...
Environment already loaded
[1m 1850-05-01-03600 --- 1850-05-02-00000 (B[m
0:00:00.020198


------------------------------------------------------------------------
     Extracting CRM mass flux for:
     - compset FSPCAMm_AMIP
     - experiment piControl
     - subset tropics
     - varid CRM_W_O50
     - precipitation variables PRECT
     - percentile 96.0189
------------------------------------------------------------------------


 -- Load environment for machine jollyjumper for preprocessing...
Environment already loaded
[1m 1850-05-01-03600 --- 1850-05-02-00000 (B[m
0:00:00.020562


------------------------------------------------------------------------
     Extracting CRM mass flux for:
     - compset FSPCAMm_AMIP
     - experiment piControl
     - subset tropics
     - varid CRM_W_O50
     - precipitation variables PRECT
     - percentile 96.8377
------------------------------------------------------------------------


 -- Load environment for machine jollyjumper for preprocessing...
Environment already loaded
[1m 1850-05-01-03600 --- 1850-05-02-00000 (B[m
0:00:00.020290


------------------------------------------------------------------------
     Extracting CRM mass flux for:
     - compset FSPCAMm_AMIP
     - experiment piControl
     - subset tropics
     - varid CRM_W_O50
     - precipitation variables PRECT
     - percentile 97.4881
------------------------------------------------------------------------


 -- Load environment for machine jollyjumper for preprocessing...
Environment already loaded
[1m 1850-05-01-03600 --- 1850-05-02-00000 (B[m
0:00:00.022141


------------------------------------------------------------------------
     Extracting CRM mass flux for:
     - compset FSPCAMm_AMIP
     - experiment piControl
     - subset tropics
     - varid CRM_W_O50
     - precipitation variables PRECT
     - percentile 98.0047
------------------------------------------------------------------------


 -- Load environment for machine jollyjumper for preprocessing...
Environment already loaded
[1m 1850-05-01-03600 --- 1850-05-02-00000 (B[m
0:00:00.020162


------------------------------------------------------------------------
     Extracting CRM mass flux for:
     - compset FSPCAMm_AMIP
     - experiment piControl
     - subset tropics
     - varid CRM_W_O50
     - precipitation variables PRECT
     - percentile 98.4151
------------------------------------------------------------------------


 -- Load environment for machine jollyjumper for preprocessing...
Environment already loaded
[1m 1850-05-01-03600 --- 1850-05-02-00000 (B[m
0:00:00.022147


------------------------------------------------------------------------
     Extracting CRM mass flux for:
     - compset FSPCAMm_AMIP
     - experiment piControl
     - subset tropics
     - varid CRM_W_O50
     - precipitation variables PRECT
     - percentile 98.7411
------------------------------------------------------------------------


 -- Load environment for machine jollyjumper for preprocessing...
Environment already loaded
[1m 1850-05-01-03600 --- 1850-05-02-00000 (B[m
